<?xml version="1.0" encoding="UTF-8"?>
<!-- Generated by org.testng.reporters.JUnitReportReporter -->
<testsuite skipped="0" hostname="AnirudhDell" name="com.grp.FacebookTest" tests="1" failures="0" timestamp="17 Sep 2024 03:23:38 GMT" time="2.472" errors="0">
  <testcase name="Fb" time="2.472" classname="com.grp.FacebookTest"/>
</testsuite> <!-- com.grp.FacebookTest -->
