<?xml version="1.0" encoding="UTF-8"?>
<!-- Generated by org.testng.reporters.JUnitReportReporter -->
<testsuite skipped="0" hostname="AnirudhDell" name="com.asse.HRMImagesTest" tests="1" failures="0" timestamp="18 Sep 2024 03:38:33 GMT" time="19.371" errors="0">
  <testcase name="hrm" time="19.371" classname="com.asse.HRMImagesTest"/>
</testsuite> <!-- com.asse.HRMImagesTest -->
