<?xml version="1.0" encoding="UTF-8"?>
<!-- Generated by org.testng.reporters.JUnitReportReporter -->
<testsuite skipped="0" hostname="AnirudhDell" name="com.ng.FruitsTest" tests="4" failures="0" timestamp="16 Sep 2024 03:09:48 GMT" time="0.015" errors="0">
  <testcase name="orange" time="0.011" classname="com.ng.FruitsTest"/>
  <testcase name="mango" time="0.002" classname="com.ng.FruitsTest"/>
  <testcase name="grapes" time="0.001" classname="com.ng.FruitsTest"/>
  <testcase name="gauva" time="0.001" classname="com.ng.FruitsTest"/>
</testsuite> <!-- com.ng.FruitsTest -->
