<?xml version="1.0" encoding="UTF-8"?>
<!-- Generated by org.testng.reporters.JUnitReportReporter -->
<testsuite skipped="0" hostname="AnirudhDell" name="com.grp.IHGTest" tests="1" failures="0" timestamp="17 Sep 2024 03:23:38 GMT" time="4.584" errors="0">
  <testcase name="IHG" time="4.584" classname="com.grp.IHGTest"/>
</testsuite> <!-- com.grp.IHGTest -->
