<?xml version="1.0" encoding="UTF-8"?>
<!-- Generated by org.testng.reporters.JUnitReportReporter -->
<testsuite skipped="0" hostname="AnirudhDell" name="com.ng.IHGTest" tests="1" failures="0" timestamp="13 Sep 2024 03:29:38 GMT" time="3.770" errors="0">
  <testcase name="IHG" time="3.770" classname="com.ng.IHGTest"/>
</testsuite> <!-- com.ng.IHGTest -->
