<?xml version="1.0" encoding="UTF-8"?>
<!-- Generated by org.testng.reporters.JUnitReportReporter -->
<testsuite skipped="0" hostname="AnirudhDell" name="com.req.FacebookTest" tests="1" failures="0" timestamp="16 Sep 2024 03:56:39 GMT" time="2.199" errors="0">
  <testcase name="Fb" time="2.199" classname="com.req.FacebookTest"/>
</testsuite> <!-- com.req.FacebookTest -->
