<?xml version="1.0" encoding="UTF-8"?>
<!-- Generated by org.testng.reporters.JUnitReportReporter -->
<testsuite skipped="0" hostname="AnirudhDell" name="com.grp.AmazonTest" tests="1" failures="0" timestamp="17 Sep 2024 03:13:49 GMT" time="2.234" errors="0">
  <testcase name="AZ" time="2.234" classname="com.grp.AmazonTest"/>
</testsuite> <!-- com.grp.AmazonTest -->
