<?xml version="1.0" encoding="UTF-8"?>
<!-- Generated by org.testng.reporters.JUnitReportReporter -->
<testsuite skipped="0" hostname="AnirudhDell" name="com.ng.OrangeHRMTest" tests="1" failures="0" timestamp="13 Sep 2024 03:29:38 GMT" time="6.934" errors="0">
  <testcase name="OHRM" time="6.934" classname="com.ng.OrangeHRMTest"/>
</testsuite> <!-- com.ng.OrangeHRMTest -->
