<?xml version="1.0" encoding="UTF-8"?>
<!-- Generated by org.testng.reporters.JUnitReportReporter -->
<testsuite skipped="0" hostname="AnirudhDell" name="com.grp.OrangeHRMTest" tests="1" failures="0" timestamp="17 Sep 2024 03:23:38 GMT" time="7.860" errors="0">
  <testcase name="HRM" time="7.860" classname="com.grp.OrangeHRMTest"/>
</testsuite> <!-- com.grp.OrangeHRMTest -->
