<?xml version="1.0" encoding="UTF-8"?>
<!-- Generated by org.testng.reporters.JUnitReportReporter -->
<testsuite skipped="0" hostname="AnirudhDell" name="com.asse.HRMEXTENREPORTSTEST" tests="1" failures="0" timestamp="18 Sep 2024 04:02:21 GMT" time="18.931" errors="0">
  <testcase name="hrm" time="18.931" classname="com.asse.HRMEXTENREPORTSTEST"/>
</testsuite> <!-- com.asse.HRMEXTENREPORTSTEST -->
