<?xml version="1.0" encoding="UTF-8"?>
<!-- Generated by org.testng.reporters.JUnitReportReporter -->
<testsuite skipped="0" hostname="AnirudhDell" name="com.asse.HRMTest" tests="1" failures="0" timestamp="18 Sep 2024 03:16:50 GMT" time="10.408" errors="0">
  <testcase name="OHRM" time="10.408" classname="com.asse.HRMTest"/>
</testsuite> <!-- com.asse.HRMTest -->
