<?xml version="1.0" encoding="UTF-8"?>
<!-- Generated by org.testng.reporters.JUnitReportReporter -->
<testsuite skipped="0" hostname="AnirudhDell" name="com.req.IHGTest" tests="1" failures="0" timestamp="16 Sep 2024 03:56:39 GMT" time="5.343" errors="0">
  <testcase name="IHG" time="5.343" classname="com.req.IHGTest"/>
</testsuite> <!-- com.req.IHGTest -->
