<?xml version="1.0" encoding="UTF-8"?>
<!-- Generated by org.testng.reporters.JUnitReportReporter -->
<testsuite skipped="0" hostname="AnirudhDell" name="com.grp.FlipcartTest" tests="1" failures="0" timestamp="17 Sep 2024 03:19:57 GMT" time="6.443" errors="0">
  <testcase name="Shop" time="6.443" classname="com.grp.FlipcartTest"/>
</testsuite> <!-- com.grp.FlipcartTest -->
