<?xml version="1.0" encoding="UTF-8"?>
<!-- Generated by org.testng.reporters.JUnitReportReporter -->
<testsuite skipped="0" hostname="AnirudhDell" name="com.req.AmazonTest" tests="1" failures="0" timestamp="16 Sep 2024 03:54:47 GMT" time="1.895" errors="0">
  <testcase name="AZ" time="1.895" classname="com.req.AmazonTest"/>
</testsuite> <!-- com.req.AmazonTest -->
