<?xml version="1.0" encoding="UTF-8"?>
<!-- Generated by org.testng.reporters.JUnitReportReporter -->
<testsuite skipped="0" hostname="AnirudhDell" name="com.req.FlipcartTest" tests="1" failures="0" timestamp="16 Sep 2024 03:54:47 GMT" time="5.164" errors="0">
  <testcase name="Shop" time="5.164" classname="com.req.FlipcartTest"/>
</testsuite> <!-- com.req.FlipcartTest -->
