<?xml version="1.0" encoding="UTF-8"?>
<!-- Generated by org.testng.reporters.JUnitReportReporter -->
<testsuite skipped="0" hostname="AnirudhDell" name="com.req.OrangeHRMTest" tests="1" failures="0" timestamp="16 Sep 2024 03:56:39 GMT" time="3.414" errors="0">
  <testcase name="HRM" time="3.414" classname="com.req.OrangeHRMTest"/>
</testsuite> <!-- com.req.OrangeHRMTest -->
