<?xml version="1.0" encoding="UTF-8"?>
<!-- Generated by org.testng.reporters.JUnitReportReporter -->
<testsuite skipped="0" hostname="AnirudhDell" name="com.ng.NumbersTest" tests="1" failures="0" timestamp="12 Sep 2024 03:52:45 GMT" time="0.004" errors="0">
  <testcase name="one" time="0.004" classname="com.ng.NumbersTest"/>
</testsuite> <!-- com.ng.NumbersTest -->
