<?xml version="1.0" encoding="UTF-8"?>
<!-- Generated by org.testng.reporters.JUnitReportReporter -->
<testsuite skipped="0" hostname="AnirudhDell" name="com.ng.YouTubeTest" tests="2" failures="0" timestamp="13 Sep 2024 03:41:47 GMT" time="14.614" errors="0">
  <testcase name="YT" time="8.001" classname="com.ng.YouTubeTest"/>
  <testcase name="YT" time="6.613" classname="com.ng.YouTubeTest"/>
</testsuite> <!-- com.ng.YouTubeTest -->
