<?xml version="1.0" encoding="UTF-8"?>
<!-- Generated by org.testng.reporters.JUnitReportReporter -->
<testsuite skipped="0" hostname="AnirudhDell" name="com.ng.SuperMarketTest" tests="4" failures="0" timestamp="16 Sep 2024 03:25:33 GMT" time="0.032" errors="0">
  <testcase name="grapes" time="0.002" classname="com.ng.SuperMarketTest"/>
  <testcase name="mango" time="0.004" classname="com.ng.SuperMarketTest"/>
  <testcase name="dal" time="0.025" classname="com.ng.SuperMarketTest"/>
  <testcase name="carrot" time="0.001" classname="com.ng.SuperMarketTest"/>
</testsuite> <!-- com.ng.SuperMarketTest -->
