<?xml version="1.0" encoding="UTF-8"?>
<!-- Generated by org.testng.reporters.JUnitReportReporter -->
<testsuite skipped="0" hostname="AnirudhDell" name="com.ng.GPTTest" tests="1" failures="0" timestamp="13 Sep 2024 03:48:55 GMT" time="6.439" errors="0">
  <testcase name="CGPT" time="6.439" classname="com.ng.GPTTest"/>
</testsuite> <!-- com.ng.GPTTest -->
