<?xml version="1.0" encoding="UTF-8"?>
<!-- Generated by org.testng.reporters.JUnitReportReporter -->
<testsuite hostname="AnirudhDell" failures="0" tests="1" name="com.ng.IHGTest" time="4.926" errors="0" timestamp="20 Sep 2024 03:57:28 GMT" skipped="0">
  <testcase classname="com.ng.IHGTest" name="IHG" time="4.926"/>
</testsuite> <!-- com.ng.IHGTest -->
